<?xml version="1.0" encoding="UTF-8"?>
<testng-results skipped="0" failed="1" ignored="0" total="1" passed="0">
  <reporter-output>
  </reporter-output>
  <suite name="Default suite" duration-ms="47515" started-at="2018-06-22T05:33:34Z" finished-at="2018-06-22T05:34:21Z">
    <groups>
    </groups>
    <test name="Default test" duration-ms="47515" started-at="2018-06-22T05:33:34Z" finished-at="2018-06-22T05:34:21Z">
      <class name="com.apple.demotests.testpages.TestClass">
        <test-method status="PASS" signature="setUp()[pri:0, instance:com.apple.demotests.testpages.TestClass@3532ec19]" name="setUp" is-config="true" duration-ms="4994" started-at="2018-06-21T22:33:34Z" finished-at="2018-06-21T22:33:39Z">
          <reporter-output>
          </reporter-output>
        </test-method> <!-- setUp -->
        <test-method status="FAIL" signature="transactionFailsForIncorrectPaymentInfo()[pri:0, instance:com.apple.demotests.testpages.TestClass@3532ec19]" name="transactionFailsForIncorrectPaymentInfo" duration-ms="40584" started-at="2018-06-21T22:33:39Z" finished-at="2018-06-21T22:34:20Z">
          <exception class="java.lang.AssertionError">
            <message>
              <![CDATA[expected [sfd] but found [Please enter a valid credit card number.]]]>
            </message>
            <full-stacktrace>
              <![CDATA[java.lang.AssertionError: expected [sfd] but found [Please enter a valid credit card number.]
	at org.testng.Assert.fail(Assert.java:93)
	at org.testng.Assert.failNotEquals(Assert.java:512)
	at org.testng.Assert.assertEqualsImpl(Assert.java:134)
	at org.testng.Assert.assertEquals(Assert.java:115)
	at org.testng.Assert.assertEquals(Assert.java:189)
	at org.testng.Assert.assertEquals(Assert.java:199)
	at com.apple.demotests.testpages.TestClass.transactionFailsForIncorrectPaymentInfo(TestClass.java:53)
	at sun.reflect.NativeMethodAccessorImpl.invoke0(Native Method)
	at sun.reflect.NativeMethodAccessorImpl.invoke(NativeMethodAccessorImpl.java:62)
	at sun.reflect.DelegatingMethodAccessorImpl.invoke(DelegatingMethodAccessorImpl.java:43)
	at java.lang.reflect.Method.invoke(Method.java:498)
	at org.testng.internal.MethodInvocationHelper.invokeMethod(MethodInvocationHelper.java:108)
	at org.testng.internal.Invoker.invokeMethod(Invoker.java:661)
	at org.testng.internal.Invoker.invokeTestMethod(Invoker.java:869)
	at org.testng.internal.Invoker.invokeTestMethods(Invoker.java:1193)
	at org.testng.internal.TestMethodWorker.invokeTestMethods(TestMethodWorker.java:126)
	at org.testng.internal.TestMethodWorker.run(TestMethodWorker.java:109)
	at org.testng.TestRunner.privateRun(TestRunner.java:744)
	at org.testng.TestRunner.run(TestRunner.java:602)
	at org.testng.SuiteRunner.runTest(SuiteRunner.java:380)
	at org.testng.SuiteRunner.runSequentially(SuiteRunner.java:375)
	at org.testng.SuiteRunner.privateRun(SuiteRunner.java:340)
	at org.testng.SuiteRunner.run(SuiteRunner.java:289)
	at org.testng.SuiteRunnerWorker.runSuite(SuiteRunnerWorker.java:52)
	at org.testng.SuiteRunnerWorker.run(SuiteRunnerWorker.java:86)
	at org.testng.TestNG.runSuitesSequentially(TestNG.java:1301)
	at org.testng.TestNG.runSuitesLocally(TestNG.java:1226)
	at org.testng.TestNG.runSuites(TestNG.java:1144)
	at org.testng.TestNG.run(TestNG.java:1115)
	at org.testng.remote.AbstractRemoteTestNG.run(AbstractRemoteTestNG.java:132)
	at org.testng.remote.RemoteTestNG.initAndRun(RemoteTestNG.java:230)
	at org.testng.remote.RemoteTestNG.main(RemoteTestNG.java:76)
]]>
            </full-stacktrace>
          </exception> <!-- java.lang.AssertionError -->
          <reporter-output>
          </reporter-output>
        </test-method> <!-- transactionFailsForIncorrectPaymentInfo -->
        <test-method status="PASS" signature="tearDown()[pri:0, instance:com.apple.demotests.testpages.TestClass@3532ec19]" name="tearDown" is-config="true" duration-ms="1293" started-at="2018-06-21T22:34:20Z" finished-at="2018-06-21T22:34:21Z">
          <reporter-output>
          </reporter-output>
        </test-method> <!-- tearDown -->
      </class> <!-- com.apple.demotests.testpages.TestClass -->
    </test> <!-- Default test -->
  </suite> <!-- Default suite -->
</testng-results>
